Copyright 1986-2020 Xilinx, Inc. All Rights Reserved.
------------------------------------------------------------------------------------
| Tool Version : Vivado v.2020.1 (win64) Build 2902540 Wed May 27 19:54:49 MDT 2020
| Date         : Thu Apr 28 14:20:52 2022
| Host         : PC-635 running 64-bit major release  (build 9200)
| Command      : report_control_sets -verbose -file top_control_sets_placed.rpt
| Design       : top
| Device       : xc7a50ti
------------------------------------------------------------------------------------

Control Set Information

Table of Contents
-----------------
1. Summary
2. Histogram
3. Flip-Flop Distribution
4. Detailed Control Set Information

1. Summary
----------

+----------------------------------------------------------+-------+
|                          Status                          | Count |
+----------------------------------------------------------+-------+
| Total control sets                                       |     9 |
|    Minimum number of control sets                        |     9 |
|    Addition due to synthesis replication                 |     0 |
|    Addition due to physical synthesis replication        |     0 |
| Unused register locations in slices containing registers |    39 |
+----------------------------------------------------------+-------+
* Control sets can be merged at opt_design using control_set_merge or merge_equivalent_drivers
** Run report_qor_suggestions for automated merging and remapping suggestions


2. Histogram
------------

+--------------------+-------+
|       Fanout       | Count |
+--------------------+-------+
| Total control sets |     9 |
| >= 0 to < 4        |     3 |
| >= 4 to < 6        |     1 |
| >= 6 to < 8        |     1 |
| >= 8 to < 10       |     0 |
| >= 10 to < 12      |     1 |
| >= 12 to < 14      |     0 |
| >= 14 to < 16      |     0 |
| >= 16              |     3 |
+--------------------+-------+
* Control sets can be remapped at either synth_design or opt_design


3. Flip-Flop Distribution
-------------------------

+--------------+-----------------------+------------------------+-----------------+--------------+
| Clock Enable | Synchronous Set/Reset | Asynchronous Set/Reset | Total Registers | Total Slices |
+--------------+-----------------------+------------------------+-----------------+--------------+
| No           | No                    | No                     |              31 |           15 |
| No           | No                    | Yes                    |              10 |            3 |
| No           | Yes                   | No                     |              33 |           10 |
| Yes          | No                    | No                     |               0 |            0 |
| Yes          | No                    | Yes                    |               0 |            0 |
| Yes          | Yes                   | No                     |              31 |            8 |
+--------------+-----------------------+------------------------+-----------------+--------------+


4. Detailed Control Set Information
-----------------------------------

+----------------------------+---------------+-------------------------------------+------------------+----------------+--------------+
|        Clock Signal        | Enable Signal |           Set/Reset Signal          | Slice Load Count | Bel Load Count | Bels / Slice |
+----------------------------+---------------+-------------------------------------+------------------+----------------+--------------+
|  decoder/s_led_reg[1]/G0   |               |                                     |                1 |              1 |         1.00 |
|  decoder/s_led__0          |               | decoder/s_led_reg[0]_i_1_n_0        |                1 |              1 |         1.00 |
|  decoder/seg_o_reg_i_1_n_0 |               | decoder/s_led_reg[1]_i_3_n_0        |                1 |              1 |         1.00 |
|  CLK100MHZ_IBUF_BUFG       |               |                                     |                5 |              5 |         1.00 |
|  s_btnl                    |               |                                     |                4 |              7 |         1.75 |
| ~s_btnu                    |               | decoder/LED0                        |                3 |             10 |         3.33 |
|  s_btnu                    |               |                                     |                5 |             18 |         3.60 |
|  clock_enable/ce_o_BUFG    | s_btnc        | decoder/s_counter0                  |                8 |             31 |         3.88 |
|  CLK100MHZ_IBUF_BUFG       |               | clock_enable/s_cnt_local[0]_i_1_n_0 |                8 |             31 |         3.88 |
+----------------------------+---------------+-------------------------------------+------------------+----------------+--------------+


