
*** Running vivado
    with args -log top.vds -m64 -product Vivado -mode batch -messageDb vivado.pb -notrace -source top.tcl



****** Vivado v2020.1 (64-bit)
  **** SW Build 2902540 on Wed May 27 19:54:49 MDT 2020
  **** IP Build 2902112 on Wed May 27 22:43:36 MDT 2020
    ** Copyright 1986-2020 Xilinx, Inc. All Rights Reserved.

source top.tcl -notrace
Command: synth_design -top top -part xc7a50ticsg324-1L
Starting synth_design
Attempting to get a license for feature 'Synthesis' and/or device 'xc7a50ti'
INFO: [Common 17-349] Got license for feature 'Synthesis' and/or device 'xc7a50ti'
INFO: [Device 21-403] Loading part xc7a50ticsg324-1L
INFO: [Synth 8-7079] Multithreading enabled for synth_design using a maximum of 2 processes.
INFO: [Synth 8-7078] Launching helper process for spawning children vivado processes
INFO: [Synth 8-7075] Helper process launched with PID 2352
---------------------------------------------------------------------------------
Starting RTL Elaboration : Time (s): cpu = 00:00:04 ; elapsed = 00:00:04 . Memory (MB): peak = 1022.695 ; gain = 0.000
---------------------------------------------------------------------------------
INFO: [Synth 8-638] synthesizing module 'top' [D:/Documents/xfolty18/project_1/Morse-code-receiver-ie-converter-ofMorse-code-to-characters-numbers/project/project_morse/project_morse.srcs/sources_1/new/top.vhd:23]
INFO: [Synth 8-638] synthesizing module 'clock_enable' [D:/Documents/xfolty18/project_1/Morse-code-receiver-ie-converter-ofMorse-code-to-characters-numbers/project_hlavni.srcs/sources_1/new/clock_enable.vhd:25]
	Parameter g_MAX bound to: 25000000 - type: integer 
INFO: [Synth 8-256] done synthesizing module 'clock_enable' (1#1) [D:/Documents/xfolty18/project_1/Morse-code-receiver-ie-converter-ofMorse-code-to-characters-numbers/project_hlavni.srcs/sources_1/new/clock_enable.vhd:25]
INFO: [Synth 8-638] synthesizing module 'decoder' [D:/Documents/xfolty18/project_1/Morse-code-receiver-ie-converter-ofMorse-code-to-characters-numbers/project/project_morse/project_morse.srcs/sources_1/new/decoder.vhd:30]
	Parameter ch_MAX bound to: 6 - type: integer 
	Parameter g_MAX bound to: 25000000 - type: integer 
WARNING: [Synth 8-614] signal 's_cnt_char' is read in the process but is not in the sensitivity list [D:/Documents/xfolty18/project_1/Morse-code-receiver-ie-converter-ofMorse-code-to-characters-numbers/project/project_morse/project_morse.srcs/sources_1/new/decoder.vhd:60]
WARNING: [Synth 8-614] signal 'seg_o' is read in the process but is not in the sensitivity list [D:/Documents/xfolty18/project_1/Morse-code-receiver-ie-converter-ofMorse-code-to-characters-numbers/project/project_morse/project_morse.srcs/sources_1/new/decoder.vhd:93]
WARNING: [Synth 8-614] signal 'shift_reg' is read in the process but is not in the sensitivity list [D:/Documents/xfolty18/project_1/Morse-code-receiver-ie-converter-ofMorse-code-to-characters-numbers/project/project_morse/project_morse.srcs/sources_1/new/decoder.vhd:93]
WARNING: [Synth 8-614] signal 's_led' is read in the process but is not in the sensitivity list [D:/Documents/xfolty18/project_1/Morse-code-receiver-ie-converter-ofMorse-code-to-characters-numbers/project/project_morse/project_morse.srcs/sources_1/new/decoder.vhd:131]
WARNING: [Synth 8-614] signal 'shift_led' is read in the process but is not in the sensitivity list [D:/Documents/xfolty18/project_1/Morse-code-receiver-ie-converter-ofMorse-code-to-characters-numbers/project/project_morse/project_morse.srcs/sources_1/new/decoder.vhd:131]
WARNING: [Synth 8-614] signal 'shift_led' is read in the process but is not in the sensitivity list [D:/Documents/xfolty18/project_1/Morse-code-receiver-ie-converter-ofMorse-code-to-characters-numbers/project/project_morse/project_morse.srcs/sources_1/new/decoder.vhd:158]
INFO: [Synth 8-256] done synthesizing module 'decoder' (2#1) [D:/Documents/xfolty18/project_1/Morse-code-receiver-ie-converter-ofMorse-code-to-characters-numbers/project/project_morse/project_morse.srcs/sources_1/new/decoder.vhd:30]
INFO: [Synth 8-638] synthesizing module 'hex7seg' [D:/Documents/xfolty18/project_1/Morse-code-receiver-ie-converter-ofMorse-code-to-characters-numbers/project_hlavni.srcs/sources_1/new/hex7seg.vhd:41]
WARNING: [Synth 8-614] signal 'char_i' is read in the process but is not in the sensitivity list [D:/Documents/xfolty18/project_1/Morse-code-receiver-ie-converter-ofMorse-code-to-characters-numbers/project_hlavni.srcs/sources_1/new/hex7seg.vhd:44]
WARNING: [Synth 8-614] signal 'shift_reg_i' is read in the process but is not in the sensitivity list [D:/Documents/xfolty18/project_1/Morse-code-receiver-ie-converter-ofMorse-code-to-characters-numbers/project_hlavni.srcs/sources_1/new/hex7seg.vhd:44]
INFO: [Synth 8-256] done synthesizing module 'hex7seg' (3#1) [D:/Documents/xfolty18/project_1/Morse-code-receiver-ie-converter-ofMorse-code-to-characters-numbers/project_hlavni.srcs/sources_1/new/hex7seg.vhd:41]
INFO: [Synth 8-256] done synthesizing module 'top' (4#1) [D:/Documents/xfolty18/project_1/Morse-code-receiver-ie-converter-ofMorse-code-to-characters-numbers/project/project_morse/project_morse.srcs/sources_1/new/top.vhd:23]
---------------------------------------------------------------------------------
Finished RTL Elaboration : Time (s): cpu = 00:00:05 ; elapsed = 00:00:05 . Memory (MB): peak = 1022.695 ; gain = 0.000
---------------------------------------------------------------------------------
---------------------------------------------------------------------------------
Start Handling Custom Attributes
---------------------------------------------------------------------------------
---------------------------------------------------------------------------------
Finished Handling Custom Attributes : Time (s): cpu = 00:00:06 ; elapsed = 00:00:05 . Memory (MB): peak = 1022.695 ; gain = 0.000
---------------------------------------------------------------------------------
---------------------------------------------------------------------------------
Finished RTL Optimization Phase 1 : Time (s): cpu = 00:00:06 ; elapsed = 00:00:05 . Memory (MB): peak = 1022.695 ; gain = 0.000
---------------------------------------------------------------------------------
Netlist sorting complete. Time (s): cpu = 00:00:00 ; elapsed = 00:00:00.003 . Memory (MB): peak = 1022.695 ; gain = 0.000
INFO: [Project 1-570] Preparing netlist for logic optimization

Processing XDC Constraints
Initializing timing engine
Parsing XDC File [D:/Documents/xfolty18/project_1/Morse-code-receiver-ie-converter-ofMorse-code-to-characters-numbers/project/project_morse/project_morse.srcs/constrs_1/new/nexys.xdc]
Finished Parsing XDC File [D:/Documents/xfolty18/project_1/Morse-code-receiver-ie-converter-ofMorse-code-to-characters-numbers/project/project_morse/project_morse.srcs/constrs_1/new/nexys.xdc]
INFO: [Project 1-236] Implementation specific constraints were found while reading constraint file [D:/Documents/xfolty18/project_1/Morse-code-receiver-ie-converter-ofMorse-code-to-characters-numbers/project/project_morse/project_morse.srcs/constrs_1/new/nexys.xdc]. These constraints will be ignored for synthesis but will be used in implementation. Impacted constraints are listed in the file [.Xil/top_propImpl.xdc].
Resolution: To avoid this warning, move constraints listed in [.Xil/top_propImpl.xdc] to another XDC file and exclude this new file from synthesis with the used_in_synthesis property (File Properties dialog in GUI) and re-run elaboration/synthesis.
Completed Processing XDC Constraints

Netlist sorting complete. Time (s): cpu = 00:00:00 ; elapsed = 00:00:00.001 . Memory (MB): peak = 1022.695 ; gain = 0.000
INFO: [Project 1-111] Unisim Transformation Summary:
No Unisim elements were transformed.

Constraint Validation Runtime : Time (s): cpu = 00:00:00 ; elapsed = 00:00:00.002 . Memory (MB): peak = 1022.695 ; gain = 0.000
---------------------------------------------------------------------------------
Finished Constraint Validation : Time (s): cpu = 00:00:11 ; elapsed = 00:00:11 . Memory (MB): peak = 1022.695 ; gain = 0.000
---------------------------------------------------------------------------------
---------------------------------------------------------------------------------
Start Loading Part and Timing Information
---------------------------------------------------------------------------------
Loading part: xc7a50ticsg324-1L
---------------------------------------------------------------------------------
Finished Loading Part and Timing Information : Time (s): cpu = 00:00:11 ; elapsed = 00:00:11 . Memory (MB): peak = 1022.695 ; gain = 0.000
---------------------------------------------------------------------------------
---------------------------------------------------------------------------------
Start Applying 'set_property' XDC Constraints
---------------------------------------------------------------------------------
---------------------------------------------------------------------------------
Finished applying 'set_property' XDC Constraints : Time (s): cpu = 00:00:11 ; elapsed = 00:00:11 . Memory (MB): peak = 1022.695 ; gain = 0.000
---------------------------------------------------------------------------------
WARNING: [Synth 8-327] inferring latch for variable 'LED_reg' [D:/Documents/xfolty18/project_1/Morse-code-receiver-ie-converter-ofMorse-code-to-characters-numbers/project/project_morse/project_morse.srcs/sources_1/new/decoder.vhd:161]
WARNING: [Synth 8-327] inferring latch for variable 'shift_reg_reg' [D:/Documents/xfolty18/project_1/Morse-code-receiver-ie-converter-ofMorse-code-to-characters-numbers/project/project_morse/project_morse.srcs/sources_1/new/decoder.vhd:98]
WARNING: [Synth 8-327] inferring latch for variable 's_cnt_char_reg' [D:/Documents/xfolty18/project_1/Morse-code-receiver-ie-converter-ofMorse-code-to-characters-numbers/project/project_morse/project_morse.srcs/sources_1/new/decoder.vhd:64]
WARNING: [Synth 8-327] inferring latch for variable 'shift_led_reg' [D:/Documents/xfolty18/project_1/Morse-code-receiver-ie-converter-ofMorse-code-to-characters-numbers/project/project_morse/project_morse.srcs/sources_1/new/decoder.vhd:135]
WARNING: [Synth 8-327] inferring latch for variable 'seg_o_reg' [D:/Documents/xfolty18/project_1/Morse-code-receiver-ie-converter-ofMorse-code-to-characters-numbers/project/project_morse/project_morse.srcs/sources_1/new/decoder.vhd:81]
WARNING: [Synth 8-327] inferring latch for variable 's_led_reg' [D:/Documents/xfolty18/project_1/Morse-code-receiver-ie-converter-ofMorse-code-to-characters-numbers/project/project_morse/project_morse.srcs/sources_1/new/decoder.vhd:113]
WARNING: [Synth 8-327] inferring latch for variable 'seg2_o_reg' [D:/Documents/xfolty18/project_1/Morse-code-receiver-ie-converter-ofMorse-code-to-characters-numbers/project_hlavni.srcs/sources_1/new/hex7seg.vhd:52]
---------------------------------------------------------------------------------
Finished RTL Optimization Phase 2 : Time (s): cpu = 00:00:11 ; elapsed = 00:00:11 . Memory (MB): peak = 1022.695 ; gain = 0.000
---------------------------------------------------------------------------------
---------------------------------------------------------------------------------
Start RTL Component Statistics 
---------------------------------------------------------------------------------
Detailed RTL Component Info : 
+---Adders : 
	   2 Input    3 Bit       Adders := 1     
+---Registers : 
	                1 Bit    Registers := 5     
+---Muxes : 
	   2 Input    7 Bit        Muxes := 2     
	   4 Input    7 Bit        Muxes := 1     
	  11 Input    7 Bit        Muxes := 1     
	   2 Input    6 Bit        Muxes := 1     
	   7 Input    6 Bit        Muxes := 1     
	   2 Input    3 Bit        Muxes := 1     
	   3 Input    3 Bit        Muxes := 1     
	   2 Input    1 Bit        Muxes := 2     
---------------------------------------------------------------------------------
Finished RTL Component Statistics 
---------------------------------------------------------------------------------
---------------------------------------------------------------------------------
Start Part Resource Summary
---------------------------------------------------------------------------------
Part Resources:
DSPs: 120 (col length:60)
BRAMs: 150 (col length: RAMB18 60 RAMB36 30)
---------------------------------------------------------------------------------
Finished Part Resource Summary
---------------------------------------------------------------------------------
---------------------------------------------------------------------------------
Start Cross Boundary and Area Optimization
---------------------------------------------------------------------------------
---------------------------------------------------------------------------------
Finished Cross Boundary and Area Optimization : Time (s): cpu = 00:00:13 ; elapsed = 00:00:13 . Memory (MB): peak = 1022.695 ; gain = 0.000
---------------------------------------------------------------------------------
---------------------------------------------------------------------------------
Start Applying XDC Timing Constraints
---------------------------------------------------------------------------------
---------------------------------------------------------------------------------
Finished Applying XDC Timing Constraints : Time (s): cpu = 00:00:19 ; elapsed = 00:00:20 . Memory (MB): peak = 1022.695 ; gain = 0.000
---------------------------------------------------------------------------------
---------------------------------------------------------------------------------
Start Timing Optimization
---------------------------------------------------------------------------------
---------------------------------------------------------------------------------
Finished Timing Optimization : Time (s): cpu = 00:00:20 ; elapsed = 00:00:20 . Memory (MB): peak = 1022.695 ; gain = 0.000
---------------------------------------------------------------------------------
---------------------------------------------------------------------------------
Start Technology Mapping
---------------------------------------------------------------------------------
---------------------------------------------------------------------------------
Finished Technology Mapping : Time (s): cpu = 00:00:20 ; elapsed = 00:00:20 . Memory (MB): peak = 1022.695 ; gain = 0.000
---------------------------------------------------------------------------------
---------------------------------------------------------------------------------
Start IO Insertion
---------------------------------------------------------------------------------
---------------------------------------------------------------------------------
Start Flattening Before IO Insertion
---------------------------------------------------------------------------------
---------------------------------------------------------------------------------
Finished Flattening Before IO Insertion
---------------------------------------------------------------------------------
---------------------------------------------------------------------------------
Start Final Netlist Cleanup
---------------------------------------------------------------------------------
---------------------------------------------------------------------------------
Finished Final Netlist Cleanup
---------------------------------------------------------------------------------
---------------------------------------------------------------------------------
Finished IO Insertion : Time (s): cpu = 00:00:23 ; elapsed = 00:00:23 . Memory (MB): peak = 1022.695 ; gain = 0.000
---------------------------------------------------------------------------------
---------------------------------------------------------------------------------
Start Renaming Generated Instances
---------------------------------------------------------------------------------
---------------------------------------------------------------------------------
Finished Renaming Generated Instances : Time (s): cpu = 00:00:23 ; elapsed = 00:00:23 . Memory (MB): peak = 1022.695 ; gain = 0.000
---------------------------------------------------------------------------------
---------------------------------------------------------------------------------
Start Rebuilding User Hierarchy
---------------------------------------------------------------------------------
---------------------------------------------------------------------------------
Finished Rebuilding User Hierarchy : Time (s): cpu = 00:00:23 ; elapsed = 00:00:23 . Memory (MB): peak = 1022.695 ; gain = 0.000
---------------------------------------------------------------------------------
---------------------------------------------------------------------------------
Start Renaming Generated Ports
---------------------------------------------------------------------------------
---------------------------------------------------------------------------------
Finished Renaming Generated Ports : Time (s): cpu = 00:00:23 ; elapsed = 00:00:23 . Memory (MB): peak = 1022.695 ; gain = 0.000
---------------------------------------------------------------------------------
---------------------------------------------------------------------------------
Start Handling Custom Attributes
---------------------------------------------------------------------------------
---------------------------------------------------------------------------------
Finished Handling Custom Attributes : Time (s): cpu = 00:00:23 ; elapsed = 00:00:23 . Memory (MB): peak = 1022.695 ; gain = 0.000
---------------------------------------------------------------------------------
---------------------------------------------------------------------------------
Start Renaming Generated Nets
---------------------------------------------------------------------------------
---------------------------------------------------------------------------------
Finished Renaming Generated Nets : Time (s): cpu = 00:00:23 ; elapsed = 00:00:23 . Memory (MB): peak = 1022.695 ; gain = 0.000
---------------------------------------------------------------------------------
---------------------------------------------------------------------------------
Start Writing Synthesis Report
---------------------------------------------------------------------------------

Report BlackBoxes: 
+-+--------------+----------+
| |BlackBox name |Instances |
+-+--------------+----------+
+-+--------------+----------+

Report Cell Usage: 
+------+-------+------+
|      |Cell   |Count |
+------+-------+------+
|1     |BUFG   |     1|
|2     |CARRY4 |     8|
|3     |LUT1   |     1|
|4     |LUT2   |     6|
|5     |LUT3   |     4|
|6     |LUT4   |    10|
|7     |LUT5   |     6|
|8     |LUT6   |    26|
|9     |FDRE   |    35|
|10    |LD     |    22|
|11    |LDC    |    13|
|12    |LDCP   |     1|
|13    |LDP    |     2|
|14    |IBUF   |     5|
|15    |OBUF   |    30|
+------+-------+------+
---------------------------------------------------------------------------------
Finished Writing Synthesis Report : Time (s): cpu = 00:00:23 ; elapsed = 00:00:23 . Memory (MB): peak = 1022.695 ; gain = 0.000
---------------------------------------------------------------------------------
Synthesis finished with 0 errors, 0 critical warnings and 7 warnings.
Synthesis Optimization Runtime : Time (s): cpu = 00:00:16 ; elapsed = 00:00:22 . Memory (MB): peak = 1022.695 ; gain = 0.000
Synthesis Optimization Complete : Time (s): cpu = 00:00:23 ; elapsed = 00:00:23 . Memory (MB): peak = 1022.695 ; gain = 0.000
INFO: [Project 1-571] Translating synthesized netlist
Netlist sorting complete. Time (s): cpu = 00:00:00 ; elapsed = 00:00:00.002 . Memory (MB): peak = 1031.477 ; gain = 0.000
INFO: [Netlist 29-17] Analyzing 46 Unisim elements for replacement
INFO: [Netlist 29-28] Unisim Transformation completed in 0 CPU seconds
INFO: [Project 1-570] Preparing netlist for logic optimization
INFO: [Opt 31-138] Pushed 0 inverter(s) to 0 load pin(s).
Netlist sorting complete. Time (s): cpu = 00:00:00 ; elapsed = 00:00:00 . Memory (MB): peak = 1034.063 ; gain = 0.000
INFO: [Project 1-111] Unisim Transformation Summary:
  A total of 38 instances were transformed.
  LD => LDCE: 22 instances
  LDC => LDCE: 13 instances
  LDCP => LDCP (GND, LDCE, LUT3(x2), VCC): 1 instance 
  LDP => LDPE: 2 instances

INFO: [Common 17-83] Releasing license: Synthesis
23 Infos, 15 Warnings, 0 Critical Warnings and 0 Errors encountered.
synth_design completed successfully
synth_design: Time (s): cpu = 00:00:28 ; elapsed = 00:00:30 . Memory (MB): peak = 1034.063 ; gain = 11.367
INFO: [Common 17-1381] The checkpoint 'D:/Documents/xfolty18/project_1/Morse-code-receiver-ie-converter-ofMorse-code-to-characters-numbers/project_hlavni.runs/synth_1/top.dcp' has been generated.
INFO: [runtcl-4] Executing : report_utilization -file top_utilization_synth.rpt -pb top_utilization_synth.pb
INFO: [Common 17-206] Exiting Vivado at Thu Apr 28 16:22:26 2022...
