#-----------------------------------------------------------
# Vivado v2020.1 (64-bit)
# SW Build 2902540 on Wed May 27 19:54:49 MDT 2020
# IP Build 2902112 on Wed May 27 22:43:36 MDT 2020
# Start of session at: Thu Apr 28 14:28:44 2022
# Process ID: 10764
# Current directory: D:/Documents/xfolty18/project_1/Morse-code-receiver-ie-converter-ofMorse-code-to-characters-numbers
# Command line: vivado.exe -gui_launcher_event rodinguilauncherevent1416 D:\Documents\xfolty18\project_1\Morse-code-receiver-ie-converter-ofMorse-code-to-characters-numbers\project_1.xpr
# Log file: D:/Documents/xfolty18/project_1/Morse-code-receiver-ie-converter-ofMorse-code-to-characters-numbers/vivado.log
# Journal file: D:/Documents/xfolty18/project_1/Morse-code-receiver-ie-converter-ofMorse-code-to-characters-numbers\vivado.jou
#-----------------------------------------------------------
start_gui
open_project D:/Documents/xfolty18/project_1/Morse-code-receiver-ie-converter-ofMorse-code-to-characters-numbers/project_1.xpr
INFO: [ProjectBase 1-489] The host OS only allows 260 characters in a normal path. The project is stored in a path with more than 80 characters. If you experience issues with IP, Block Designs, or files not being found, please consider moving the project to a location with a shorter path. Alternately consider using the OS subst command to map part of the path to a drive letter.
Current project path is 'D:/Documents/xfolty18/project_1/Morse-code-receiver-ie-converter-ofMorse-code-to-characters-numbers'
INFO: [Project 1-313] Project file moved from 'D:/Documents/xfolty18/project_1' since last save.
WARNING: [Project 1-312] File not found as 'D:/Documents/xfolty18/project_1/Morse-code-receiver-ie-converter-ofMorse-code-to-characters-numbers/Morse-code-receiver-ie-converter-ofMorse-code-to-characters-numbers/project/project_morse/project_morse.srcs/sources_1/new/decoder.vhd'; using path 'D:/Documents/xfolty18/project_1/Morse-code-receiver-ie-converter-ofMorse-code-to-characters-numbers/project/project_morse/project_morse.srcs/sources_1/new/decoder.vhd' instead.
WARNING: [Project 1-312] File not found as 'D:/Documents/xfolty18/project_1/Morse-code-receiver-ie-converter-ofMorse-code-to-characters-numbers/Morse-code-receiver-ie-converter-ofMorse-code-to-characters-numbers/project/project_morse/project_morse.srcs/sources_1/new/top.vhd'; using path 'D:/Documents/xfolty18/project_1/Morse-code-receiver-ie-converter-ofMorse-code-to-characters-numbers/project/project_morse/project_morse.srcs/sources_1/new/top.vhd' instead.
WARNING: [Project 1-312] File not found as 'D:/Documents/xfolty18/project_1/Morse-code-receiver-ie-converter-ofMorse-code-to-characters-numbers/Morse-code-receiver-ie-converter-ofMorse-code-to-characters-numbers/project/project_morse/project_morse.srcs/constrs_1/new/nexys.xdc'; using path 'D:/Documents/xfolty18/project_1/Morse-code-receiver-ie-converter-ofMorse-code-to-characters-numbers/project/project_morse/project_morse.srcs/constrs_1/new/nexys.xdc' instead.
WARNING: [Project 1-312] File not found as 'D:/Documents/xfolty18/project_1/Morse-code-receiver-ie-converter-ofMorse-code-to-characters-numbers/Morse-code-receiver-ie-converter-ofMorse-code-to-characters-numbers/project/project_morse/project_morse.srcs/sim_1/new/tb_decoder.vhd'; using path 'D:/Documents/xfolty18/project_1/Morse-code-receiver-ie-converter-ofMorse-code-to-characters-numbers/project/project_morse/project_morse.srcs/sim_1/new/tb_decoder.vhd' instead.
Scanning sources...
Finished scanning sources
WARNING: [Project 1-312] File not found as 'D:/Documents/xfolty18/project_1/Morse-code-receiver-ie-converter-ofMorse-code-to-characters-numbers/Morse-code-receiver-ie-converter-ofMorse-code-to-characters-numbers/project/project_morse/project_morse.srcs/sources_1/new/decoder.vhd'; using path 'D:/Documents/xfolty18/project_1/Morse-code-receiver-ie-converter-ofMorse-code-to-characters-numbers/project/project_morse/project_morse.srcs/sources_1/new/decoder.vhd' instead.
WARNING: [Project 1-312] File not found as 'D:/Documents/xfolty18/project_1/Morse-code-receiver-ie-converter-ofMorse-code-to-characters-numbers/Morse-code-receiver-ie-converter-ofMorse-code-to-characters-numbers/project/project_morse/project_morse.srcs/sources_1/new/top.vhd'; using path 'D:/Documents/xfolty18/project_1/Morse-code-receiver-ie-converter-ofMorse-code-to-characters-numbers/project/project_morse/project_morse.srcs/sources_1/new/top.vhd' instead.
WARNING: [Project 1-312] File not found as 'D:/Documents/xfolty18/project_1/Morse-code-receiver-ie-converter-ofMorse-code-to-characters-numbers/Morse-code-receiver-ie-converter-ofMorse-code-to-characters-numbers/project/project_morse/project_morse.srcs/constrs_1/new/nexys.xdc'; using path 'D:/Documents/xfolty18/project_1/Morse-code-receiver-ie-converter-ofMorse-code-to-characters-numbers/project/project_morse/project_morse.srcs/constrs_1/new/nexys.xdc' instead.
WARNING: [Project 1-312] File not found as 'D:/Documents/xfolty18/project_1/Morse-code-receiver-ie-converter-ofMorse-code-to-characters-numbers/Morse-code-receiver-ie-converter-ofMorse-code-to-characters-numbers/project/project_morse/project_morse.srcs/sources_1/new/decoder.vhd'; using path 'D:/Documents/xfolty18/project_1/Morse-code-receiver-ie-converter-ofMorse-code-to-characters-numbers/project/project_morse/project_morse.srcs/sources_1/new/decoder.vhd' instead.
WARNING: [Project 1-312] File not found as 'D:/Documents/xfolty18/project_1/Morse-code-receiver-ie-converter-ofMorse-code-to-characters-numbers/Morse-code-receiver-ie-converter-ofMorse-code-to-characters-numbers/project/project_morse/project_morse.srcs/sources_1/new/top.vhd'; using path 'D:/Documents/xfolty18/project_1/Morse-code-receiver-ie-converter-ofMorse-code-to-characters-numbers/project/project_morse/project_morse.srcs/sources_1/new/top.vhd' instead.
WARNING: [Project 1-312] File not found as 'D:/Documents/xfolty18/project_1/Morse-code-receiver-ie-converter-ofMorse-code-to-characters-numbers/Morse-code-receiver-ie-converter-ofMorse-code-to-characters-numbers/project/project_morse/project_morse.srcs/constrs_1/new/nexys.xdc'; using path 'D:/Documents/xfolty18/project_1/Morse-code-receiver-ie-converter-ofMorse-code-to-characters-numbers/project/project_morse/project_morse.srcs/constrs_1/new/nexys.xdc' instead.
INFO: [IP_Flow 19-234] Refreshing IP repositories
INFO: [IP_Flow 19-1704] No user IP repositories specified
INFO: [IP_Flow 19-2313] Loaded Vivado IP repository 'C:/APPZ/Xilinx/Vivado/2020.1/data/ip'.
update_compile_order -fileset sources_1
reset_run synth_1
launch_runs impl_1 -to_step write_bitstream -jobs 3
[Thu Apr 28 14:33:55 2022] Launched synth_1...
Run output will be captured here: D:/Documents/xfolty18/project_1/Morse-code-receiver-ie-converter-ofMorse-code-to-characters-numbers/project_1.runs/synth_1/runme.log
[Thu Apr 28 14:33:55 2022] Launched impl_1...
Run output will be captured here: D:/Documents/xfolty18/project_1/Morse-code-receiver-ie-converter-ofMorse-code-to-characters-numbers/project_1.runs/impl_1/runme.log
open_hw_manager
connect_hw_server -allow_non_jtag
INFO: [Labtools 27-2285] Connecting to hw_server url TCP:localhost:3121
INFO: [Labtools 27-2222] Launching hw_server...
INFO: [Labtools 27-2221] Launch Output:

****** Xilinx hw_server v2020.1
  **** Build date : May 27 2020 at 20:24:38
    ** Copyright 1986-2020 Xilinx, Inc. All Rights Reserved.


INFO: [Labtools 27-3415] Connecting to cs_server url TCP:localhost:3042
INFO: [Labtools 27-3417] Launching cs_server...
INFO: [Labtools 27-2221] Launch Output:


****** Xilinx cs_server v2020.1.0
  **** Build date : May 14 2020-03:10:29
    ** Copyright 2017-2020 Xilinx, Inc. All Rights Reserved.



connect_hw_server: Time (s): cpu = 00:00:00 ; elapsed = 00:00:07 . Memory (MB): peak = 1020.305 ; gain = 0.000
open_hw_target
INFO: [Labtoolstcl 44-466] Opening hw_target localhost:3121/xilinx_tcf/Digilent/210292AA7DEBA
set_property PROGRAM.FILE {D:/Documents/xfolty18/project_1/Morse-code-receiver-ie-converter-ofMorse-code-to-characters-numbers/project_1.runs/impl_1/top.bit} [get_hw_devices xc7a50t_0]
current_hw_device [get_hw_devices xc7a50t_0]
refresh_hw_device -update_hw_probes false [lindex [get_hw_devices xc7a50t_0] 0]
INFO: [Labtools 27-1434] Device xc7a50t (JTAG device index = 0) is programmed with a design that has no supported debug core(s) in it.
set_property PROBES.FILE {} [get_hw_devices xc7a50t_0]
set_property FULL_PROBES.FILE {} [get_hw_devices xc7a50t_0]
set_property PROGRAM.FILE {D:/Documents/xfolty18/project_1/Morse-code-receiver-ie-converter-ofMorse-code-to-characters-numbers/project_1.runs/impl_1/top.bit} [get_hw_devices xc7a50t_0]
program_hw_devices [get_hw_devices xc7a50t_0]
INFO: [Labtools 27-3164] End of startup status: HIGH
refresh_hw_device [lindex [get_hw_devices xc7a50t_0] 0]
INFO: [Labtools 27-1434] Device xc7a50t (JTAG device index = 0) is programmed with a design that has no supported debug core(s) in it.
close_hw_manager
reset_run synth_1
launch_runs impl_1 -to_step write_bitstream -jobs 3
[Thu Apr 28 14:39:19 2022] Launched synth_1...
Run output will be captured here: D:/Documents/xfolty18/project_1/Morse-code-receiver-ie-converter-ofMorse-code-to-characters-numbers/project_1.runs/synth_1/runme.log
[Thu Apr 28 14:39:19 2022] Launched impl_1...
Run output will be captured here: D:/Documents/xfolty18/project_1/Morse-code-receiver-ie-converter-ofMorse-code-to-characters-numbers/project_1.runs/impl_1/runme.log
open_hw_manager
connect_hw_server -allow_non_jtag
INFO: [Labtools 27-2285] Connecting to hw_server url TCP:localhost:3121
INFO: [Labtools 27-2222] Launching hw_server...
INFO: [Labtools 27-2221] Launch Output:

****** Xilinx hw_server v2020.1
  **** Build date : May 27 2020 at 20:24:38
    ** Copyright 1986-2020 Xilinx, Inc. All Rights Reserved.


INFO: [Labtools 27-3415] Connecting to cs_server url TCP:localhost:3042
INFO: [Labtools 27-3417] Launching cs_server...
INFO: [Labtools 27-2221] Launch Output:


****** Xilinx cs_server v2020.1.0
  **** Build date : May 14 2020-03:10:29
    ** Copyright 2017-2020 Xilinx, Inc. All Rights Reserved.



connect_hw_server: Time (s): cpu = 00:00:00 ; elapsed = 00:00:07 . Memory (MB): peak = 2247.344 ; gain = 0.000
open_hw_target
INFO: [Labtoolstcl 44-466] Opening hw_target localhost:3121/xilinx_tcf/Digilent/210292AA7DEBA
set_property PROGRAM.FILE {D:/Documents/xfolty18/project_1/Morse-code-receiver-ie-converter-ofMorse-code-to-characters-numbers/project_1.runs/impl_1/top.bit} [get_hw_devices xc7a50t_0]
current_hw_device [get_hw_devices xc7a50t_0]
refresh_hw_device -update_hw_probes false [lindex [get_hw_devices xc7a50t_0] 0]
INFO: [Labtools 27-1434] Device xc7a50t (JTAG device index = 0) is programmed with a design that has no supported debug core(s) in it.
set_property PROBES.FILE {} [get_hw_devices xc7a50t_0]
set_property FULL_PROBES.FILE {} [get_hw_devices xc7a50t_0]
set_property PROGRAM.FILE {D:/Documents/xfolty18/project_1/Morse-code-receiver-ie-converter-ofMorse-code-to-characters-numbers/project_1.runs/impl_1/top.bit} [get_hw_devices xc7a50t_0]
program_hw_devices [get_hw_devices xc7a50t_0]
INFO: [Labtools 27-3164] End of startup status: HIGH
refresh_hw_device [lindex [get_hw_devices xc7a50t_0] 0]
INFO: [Labtools 27-1434] Device xc7a50t (JTAG device index = 0) is programmed with a design that has no supported debug core(s) in it.
