#-----------------------------------------------------------
# Vivado v2021.2 (64-bit)
# SW Build 3367213 on Tue Oct 19 02:48:09 MDT 2021
# IP Build 3369179 on Thu Oct 21 08:25:16 MDT 2021
# Start of session at: Thu Apr 28 20:03:40 2022
# Process ID: 19784
# Current directory: C:/Digital electronics 1/Morse-code-receiver-ie-converter-ofMorse-code-to-characters-numbers/projekt4/project_4
# Command line: vivado.exe -gui_launcher_event rodinguilauncherevent12640 C:\Digital electronics 1\Morse-code-receiver-ie-converter-ofMorse-code-to-characters-numbers\projekt4\project_4\project_4.xpr
# Log file: C:/Digital electronics 1/Morse-code-receiver-ie-converter-ofMorse-code-to-characters-numbers/projekt4/project_4/vivado.log
# Journal file: C:/Digital electronics 1/Morse-code-receiver-ie-converter-ofMorse-code-to-characters-numbers/projekt4/project_4\vivado.jou
# Running On: LAPTOP-2256P69N, OS: Windows, CPU Frequency: 2400 MHz, CPU Physical cores: 4, Host memory: 17054 MB
#-----------------------------------------------------------
start_gui
WARNING: [Board 49-26] cannot add Board Part xilinx.com:vck190_es:part0:1.3 available at C:/Xilinx/Vivado/2021.2/data/xhub/boards/XilinxBoardStore/boards/Xilinx/vck190/es/1.3/board.xml as part xcvc1902-vsva2197-2mp-e-s-es1 specified in board_part file is either invalid or not available
WARNING: [Board 49-26] cannot add Board Part xilinx.com:vmk180_es:part0:1.3 available at C:/Xilinx/Vivado/2021.2/data/xhub/boards/XilinxBoardStore/boards/Xilinx/vmk180/es/1.3/board.xml as part xcvm1802-vsva2197-2mp-e-s-es1 specified in board_part file is either invalid or not available
WARNING: [Board 49-26] cannot add Board Part xilinx.com:vpk120_es:part0:1.2 available at C:/Xilinx/Vivado/2021.2/data/xhub/boards/XilinxBoardStore/boards/Xilinx/vpk120/es/1.2/board.xml as part xcvp1202-vsva2785-2mp-e-s-es1 specified in board_part file is either invalid or not available
WARNING: [Board 49-26] cannot add Board Part xilinx.com:zcu208_es:part0:1.0 available at C:/Xilinx/Vivado/2021.2/data/xhub/boards/XilinxBoardStore/boards/Xilinx/zcu208/es/1.0/board.xml as part xczu48dr-fsvg1517-2-e-es1 specified in board_part file is either invalid or not available
WARNING: [Board 49-26] cannot add Board Part xilinx.com:zcu208_es:part0:1.1 available at C:/Xilinx/Vivado/2021.2/data/xhub/boards/XilinxBoardStore/boards/Xilinx/zcu208/es/1.1/board.xml as part xczu48dr-fsvg1517-2-e-es1 specified in board_part file is either invalid or not available
WARNING: [Board 49-26] cannot add Board Part xilinx.com:zcu208_es:part0:1.2 available at C:/Xilinx/Vivado/2021.2/data/xhub/boards/XilinxBoardStore/boards/Xilinx/zcu208/es/1.2/board.xml as part xczu48dr-fsvg1517-2-e-es1 specified in board_part file is either invalid or not available
WARNING: [Board 49-26] cannot add Board Part xilinx.com:zcu208ld:part0:2.0 available at C:/Xilinx/Vivado/2021.2/data/xhub/boards/XilinxBoardStore/boards/Xilinx/zcu208ld/production/2.0/board.xml as part xczu58dr-fsvg1517-2-i specified in board_part file is either invalid or not available
WARNING: [Board 49-26] cannot add Board Part xilinx.com:zcu208ld_es:part0:1.0 available at C:/Xilinx/Vivado/2021.2/data/xhub/boards/XilinxBoardStore/boards/Xilinx/zcu208ld/es/1.0/board.xml as part xczu58dr-fsvg1517-2-i-es1 specified in board_part file is either invalid or not available
WARNING: [Board 49-26] cannot add Board Part xilinx.com:zcu216_es:part0:1.0 available at C:/Xilinx/Vivado/2021.2/data/xhub/boards/XilinxBoardStore/boards/Xilinx/zcu216/es/1.0/board.xml as part xczu49dr-ffvf1760-2-e-es1 specified in board_part file is either invalid or not available
WARNING: [Board 49-26] cannot add Board Part xilinx.com:zcu216_es:part0:1.1 available at C:/Xilinx/Vivado/2021.2/data/xhub/boards/XilinxBoardStore/boards/Xilinx/zcu216/es/1.1/board.xml as part xczu49dr-ffvf1760-2-e-es1 specified in board_part file is either invalid or not available
WARNING: [Board 49-26] cannot add Board Part xilinx.com:zcu216_es:part0:1.2 available at C:/Xilinx/Vivado/2021.2/data/xhub/boards/XilinxBoardStore/boards/Xilinx/zcu216/es/1.2/board.xml as part xczu49dr-ffvf1760-2-e-es1 specified in board_part file is either invalid or not available
WARNING: [Board 49-26] cannot add Board Part xilinx.com:zcu216ld:part0:2.0 available at C:/Xilinx/Vivado/2021.2/data/xhub/boards/XilinxBoardStore/boards/Xilinx/zcu216ld/production/2.0/board.xml as part xczu59dr-ffvf1760-2-i specified in board_part file is either invalid or not available
WARNING: [Board 49-26] cannot add Board Part xilinx.com:zcu216ld_es:part0:1.0 available at C:/Xilinx/Vivado/2021.2/data/xhub/boards/XilinxBoardStore/boards/Xilinx/zcu216ld/es/1.0/board.xml as part xczu59dr-ffvf1760-2-i-es1 specified in board_part file is either invalid or not available
WARNING: [Board 49-26] cannot add Board Part xilinx.com:zcu670:part0:1.0 available at C:/Xilinx/Vivado/2021.2/data/xhub/boards/XilinxBoardStore/boards/Xilinx/zcu670/1.0/board.xml as part xczu67dr-fsve1156-2-i specified in board_part file is either invalid or not available
open_project {C:/Digital electronics 1/Morse-code-receiver-ie-converter-ofMorse-code-to-characters-numbers/projekt4/project_4/project_4.xpr}
INFO: [ProjectBase 1-489] The host OS only allows 260 characters in a normal path. The project is stored in a path with more than 80 characters. If you experience issues with IP, Block Designs, or files not being found, please consider moving the project to a location with a shorter path. Alternately consider using the OS subst command to map part of the path to a drive letter.
Current project path is 'C:/Digital electronics 1/Morse-code-receiver-ie-converter-ofMorse-code-to-characters-numbers/projekt4/project_4'
INFO: [Project 1-313] Project file moved from 'D:/Documents/xfolty18/project/Morse-code-receiver-ie-converter-ofMorse-code-to-characters-numbers/projekt4/project_4' since last save.
CRITICAL WARNING: [Project 1-311] Could not find the file 'C:/Digital electronics 1/Morse-code-receiver-ie-converter-ofMorse-code-to-characters-numbers/project_hlavni/project_hlavni.srcs/sources_1/new/clock_enable.vhd', nor could it be found using path 'D:/Documents/xfolty18/project/Morse-code-receiver-ie-converter-ofMorse-code-to-characters-numbers/project_hlavni/project_hlavni.srcs/sources_1/new/clock_enable.vhd'.
CRITICAL WARNING: [Project 1-311] Could not find the file 'C:/Digital electronics 1/Morse-code-receiver-ie-converter-ofMorse-code-to-characters-numbers/project/project_morse/project_morse.srcs/sources_1/new/decoder.vhd', nor could it be found using path 'D:/Documents/xfolty18/project/Morse-code-receiver-ie-converter-ofMorse-code-to-characters-numbers/project/project_morse/project_morse.srcs/sources_1/new/decoder.vhd'.
CRITICAL WARNING: [Project 1-311] Could not find the file 'C:/Digital electronics 1/Morse-code-receiver-ie-converter-ofMorse-code-to-characters-numbers/project_hlavni/project_hlavni.srcs/sources_1/new/hex7seg.vhd', nor could it be found using path 'D:/Documents/xfolty18/project/Morse-code-receiver-ie-converter-ofMorse-code-to-characters-numbers/project_hlavni/project_hlavni.srcs/sources_1/new/hex7seg.vhd'.
CRITICAL WARNING: [Project 1-311] Could not find the file 'C:/Digital electronics 1/Morse-code-receiver-ie-converter-ofMorse-code-to-characters-numbers/project/project_morse/project_morse.srcs/sources_1/new/top.vhd', nor could it be found using path 'D:/Documents/xfolty18/project/Morse-code-receiver-ie-converter-ofMorse-code-to-characters-numbers/project/project_morse/project_morse.srcs/sources_1/new/top.vhd'.
CRITICAL WARNING: [Project 1-311] Could not find the file 'C:/Digital electronics 1/Morse-code-receiver-ie-converter-ofMorse-code-to-characters-numbers/project/project_morse/project_morse.srcs/constrs_1/new/nexys.xdc', nor could it be found using path 'D:/Documents/xfolty18/project/Morse-code-receiver-ie-converter-ofMorse-code-to-characters-numbers/project/project_morse/project_morse.srcs/constrs_1/new/nexys.xdc'.
CRITICAL WARNING: [Project 1-311] Could not find the file 'C:/Digital electronics 1/Morse-code-receiver-ie-converter-ofMorse-code-to-characters-numbers/projekt4/project_4/project_hlavni.srcs/sim_1/new/enable_tb.vhd', nor could it be found using path 'D:/Documents/xfolty18/project/Morse-code-receiver-ie-converter-ofMorse-code-to-characters-numbers/projekt4/project_4/project_hlavni.srcs/sim_1/new/enable_tb.vhd'.
Scanning sources...
Finished scanning sources
CRITICAL WARNING: [Board 49-67] The board_part definition was not found for digilentinc.com:nexys-a7-50t:part0:1.0. This can happen sometimes when you use custom board part. You can resolve this issue by setting 'board.repoPaths' parameter, pointing to the location of custom board files. Valid board_part values can be retrieved with the 'get_board_parts' Tcl command.
INFO: [Project 1-230] Project 'project_4.xpr' upgraded for this version of Vivado.
INFO: [IP_Flow 19-234] Refreshing IP repositories
INFO: [IP_Flow 19-1704] No user IP repositories specified
INFO: [IP_Flow 19-2313] Loaded Vivado IP repository 'C:/Xilinx/Vivado/2021.2/data/ip'.
open_project: Time (s): cpu = 00:00:20 ; elapsed = 00:00:07 . Memory (MB): peak = 1383.672 ; gain = 0.000
upgrade_project -migrate_output_products
update_compile_order -fileset sources_1
update_compile_order -fileset sim_1
exit
INFO: [Common 17-206] Exiting Vivado at Thu Apr 28 20:08:26 2022...
