
*** Running vivado
    with args -log decoder.vds -m64 -product Vivado -mode batch -messageDb vivado.pb -notrace -source decoder.tcl



****** Vivado v2021.2 (64-bit)
  **** SW Build 3367213 on Tue Oct 19 02:48:09 MDT 2021
  **** IP Build 3369179 on Thu Oct 21 08:25:16 MDT 2021
    ** Copyright 1986-2021 Xilinx, Inc. All Rights Reserved.

source decoder.tcl -notrace
create_project: Time (s): cpu = 00:00:07 ; elapsed = 00:00:07 . Memory (MB): peak = 1411.180 ; gain = 0.000
Command: synth_design -top decoder -part xc7a50ticsg324-1L
Starting synth_design
Attempting to get a license for feature 'Synthesis' and/or device 'xc7a50ti'
INFO: [Common 17-349] Got license for feature 'Synthesis' and/or device 'xc7a50ti'
INFO: [Device 21-403] Loading part xc7a50ticsg324-1L
INFO: [Synth 8-7079] Multithreading enabled for synth_design using a maximum of 2 processes.
INFO: [Synth 8-7078] Launching helper process for spawning children vivado processes
INFO: [Synth 8-7075] Helper process launched with PID 10384
---------------------------------------------------------------------------------
Starting RTL Elaboration : Time (s): cpu = 00:00:07 ; elapsed = 00:00:08 . Memory (MB): peak = 1411.180 ; gain = 0.000
---------------------------------------------------------------------------------
INFO: [Synth 8-638] synthesizing module 'decoder' [C:/Digital electronics 1/Morse-code-receiver-ie-converter-ofMorse-code-to-characters-numbers/project/project_morse/project_morse.srcs/sources_1/new/decoder.vhd:28]
ERROR: [Synth 8-27] else clause after check for clock not supported [C:/Digital electronics 1/Morse-code-receiver-ie-converter-ofMorse-code-to-characters-numbers/project/project_morse/project_morse.srcs/sources_1/new/decoder.vhd:178]
ERROR: [Synth 8-285] failed synthesizing module 'decoder' [C:/Digital electronics 1/Morse-code-receiver-ie-converter-ofMorse-code-to-characters-numbers/project/project_morse/project_morse.srcs/sources_1/new/decoder.vhd:28]
---------------------------------------------------------------------------------
Finished RTL Elaboration : Time (s): cpu = 00:00:09 ; elapsed = 00:00:09 . Memory (MB): peak = 1411.180 ; gain = 0.000
---------------------------------------------------------------------------------
RTL Elaboration failed
INFO: [Common 17-83] Releasing license: Synthesis
7 Infos, 0 Warnings, 0 Critical Warnings and 3 Errors encountered.
synth_design failed
ERROR: [Common 17-69] Command failed: Synthesis failed - please see the console or run log file for details
INFO: [Common 17-206] Exiting Vivado at Tue Apr 26 13:02:34 2022...
